{"uuid":"6df272ef-4a76-4701-983e-5197aa62e9d2","historyId":"ce4908f58aa064b4aff1d09f56c45dc4","fullName":"org.example.tests.SubtractionTest.CheckInfinitySubtraction","labels":[{"name":"package","value":"org.example.tests.SubtractionTest"},{"name":"testClass","value":"org.example.tests.SubtractionTest"},{"name":"testMethod","value":"CheckInfinitySubtraction"},{"name":"parentSuite","value":"Default Suite"},{"name":"suite","value":"calculator_drom"},{"name":"subSuite","value":"org.example.tests.SubtractionTest"},{"name":"host","value":"LAPTOP-79I9R5EN"},{"name":"thread","value":"10928@LAPTOP-79I9R5EN.main(1)"},{"name":"framework","value":"testng"},{"name":"language","value":"java"},{"name":"severity","value":"minor"}],"links":[],"name":"CheckInfinitySubtraction","status":"failed","statusDetails":{"known":false,"muted":false,"flaky":false,"message":"Element should have text ' = -Infinity' {By.AccessibilityId: resultTextView}\r\nElement: '<TextView class=\"android.widget.TextView\" resource-id=\"com.vbanthia.androidsampleapp:id/resultTextView\" checked=\"false\" content-desc=\"resultTextView\" enabled=\"true\" focused=\"false\" package=\"com.vbanthia.androidsampleapp\" name=\"0.00 - Infinity = Infinity\" className=\"android.widget.TextView\" bounds=\"[33,500][1047,607]\">org.openqa.selenium.StaleElementReferenceException: The element 'By.accessibilityId: resultTextView' does not exist in DOM anymore\nFor documentation on this error, please visit: https://www.seleniumhq.org/exceptions/stale_element_reference.html\nBuild info: version: '3.141.59', revision: 'e82be7d358', time: '2018-11-14T08:17:03'\nSystem info: host: 'LAPTOP-79I9R5EN', ip: '192.168.56.1', os.name: 'Windows 10', os.arch: 'amd64', os.version: '10.0', java.version: '16.0.1'\nDriver info: io.appium.java_client.android.AndroidDriver\nCapabilities {app: D:/test_drom/app-debug.apk, appPackage: com.vbanthia.androidsampleapp, automationName: UiAutomator2, databaseEnabled: false, desired: {app: D:/test_drom/app-debug.apk, automationName: UiAutomator2, deviceName: Nexus_5, platformName: android, platformVersion: 8, udid: emulator-5554}, deviceApiLevel: 26, deviceManufacturer: Google, deviceModel: Android SDK built for x86, deviceName: emulator-5554, deviceScreenDensity: 480, deviceScreenSize: 1080x1920, deviceUDID: emulator-5554, javascriptEnabled: true, locationContextEnabled: false, networkConnectionEnabled: true, pixelRatio: 3, platform: LINUX, platformName: Android, platformVersion: 8.0.0, statBarHeight: 72, takesScreenshot: true, udid: emulator-5554, viewportRect: {height: 1704, left: 0, top: 72, width: 1080}, warnings: {}, webStorageEnabled: false}\nSession ID: e71cf54d-9d59-45ff-9b25-8fc937b1d393</TextView>'\r\nActual value: 0.00 - Infinity = Infinity\r\nScreenshot: file:/D:/git/repos/calculator_drom/build/reports/tests/1650816775483.16.png\r\nPage source: file:/D:/git/repos/calculator_drom/build/reports/tests/1650816775483.16.xml\r\nTimeout: 8 s.","trace":"Element should have text ' = -Infinity' {By.AccessibilityId: resultTextView}\r\nElement: '<TextView class=\"android.widget.TextView\" resource-id=\"com.vbanthia.androidsampleapp:id/resultTextView\" checked=\"false\" content-desc=\"resultTextView\" enabled=\"true\" focused=\"false\" package=\"com.vbanthia.androidsampleapp\" name=\"0.00 - Infinity = Infinity\" className=\"android.widget.TextView\" bounds=\"[33,500][1047,607]\">org.openqa.selenium.StaleElementReferenceException: The element 'By.accessibilityId: resultTextView' does not exist in DOM anymore\nFor documentation on this error, please visit: https://www.seleniumhq.org/exceptions/stale_element_reference.html\nBuild info: version: '3.141.59', revision: 'e82be7d358', time: '2018-11-14T08:17:03'\nSystem info: host: 'LAPTOP-79I9R5EN', ip: '192.168.56.1', os.name: 'Windows 10', os.arch: 'amd64', os.version: '10.0', java.version: '16.0.1'\nDriver info: io.appium.java_client.android.AndroidDriver\nCapabilities {app: D:/test_drom/app-debug.apk, appPackage: com.vbanthia.androidsampleapp, automationName: UiAutomator2, databaseEnabled: false, desired: {app: D:/test_drom/app-debug.apk, automationName: UiAutomator2, deviceName: Nexus_5, platformName: android, platformVersion: 8, udid: emulator-5554}, deviceApiLevel: 26, deviceManufacturer: Google, deviceModel: Android SDK built for x86, deviceName: emulator-5554, deviceScreenDensity: 480, deviceScreenSize: 1080x1920, deviceUDID: emulator-5554, javascriptEnabled: true, locationContextEnabled: false, networkConnectionEnabled: true, pixelRatio: 3, platform: LINUX, platformName: Android, platformVersion: 8.0.0, statBarHeight: 72, takesScreenshot: true, udid: emulator-5554, viewportRect: {height: 1704, left: 0, top: 72, width: 1080}, warnings: {}, webStorageEnabled: false}\nSession ID: e71cf54d-9d59-45ff-9b25-8fc937b1d393</TextView>'\r\nActual value: 0.00 - Infinity = Infinity\r\nScreenshot: file:/D:/git/repos/calculator_drom/build/reports/tests/1650816775483.16.png\r\nPage source: file:/D:/git/repos/calculator_drom/build/reports/tests/1650816775483.16.xml\r\nTimeout: 8 s.\r\n\tat com.codeborne.selenide.impl.WebElementSource.checkCondition(WebElementSource.java:121)\r\n\tat com.codeborne.selenide.commands.Should.execute(Should.java:30)\r\n\tat com.codeborne.selenide.commands.Should.execute(Should.java:14)\r\n\tat com.codeborne.selenide.commands.Commands.execute(Commands.java:157)\r\n\tat com.codeborne.selenide.impl.SelenideElementProxy.dispatchAndRetry(SelenideElementProxy.java:134)\r\n\tat com.codeborne.selenide.impl.SelenideElementProxy.invoke(SelenideElementProxy.java:86)\r\n\tat jdk.proxy2/jdk.proxy2.$Proxy17.shouldHave(Unknown Source)\r\n\tat org.example.pages.CalculatorPage.checkInfinity(CalculatorPage.java:104)\r\n\tat org.example.tests.SubtractionTest.CheckInfinitySubtraction(SubtractionTest.java:62)\r\n\tat java.base/jdk.internal.reflect.NativeMethodAccessorImpl.invoke0(Native Method)\r\n\tat java.base/jdk.internal.reflect.NativeMethodAccessorImpl.invoke(NativeMethodAccessorImpl.java:78)\r\n\tat java.base/jdk.internal.reflect.DelegatingMethodAccessorImpl.invoke(DelegatingMethodAccessorImpl.java:43)\r\n\tat java.base/java.lang.reflect.Method.invoke(Method.java:567)\r\n\tat org.testng.internal.MethodInvocationHelper.invokeMethod(MethodInvocationHelper.java:133)\r\n\tat org.testng.internal.TestInvoker.invokeMethod(TestInvoker.java:598)\r\n\tat org.testng.internal.TestInvoker.invokeTestMethod(TestInvoker.java:173)\r\n\tat org.testng.internal.MethodRunner.runInSequence(MethodRunner.java:46)\r\n\tat org.testng.internal.TestInvoker$MethodInvocationAgent.invoke(TestInvoker.java:824)\r\n\tat org.testng.internal.TestInvoker.invokeTestMethods(TestInvoker.java:146)\r\n\tat org.testng.internal.TestMethodWorker.invokeTestMethods(TestMethodWorker.java:146)\r\n\tat org.testng.internal.TestMethodWorker.run(TestMethodWorker.java:128)\r\n\tat java.base/java.util.ArrayList.forEach(ArrayList.java:1511)\r\n\tat org.testng.TestRunner.privateRun(TestRunner.java:794)\r\n\tat org.testng.TestRunner.run(TestRunner.java:596)\r\n\tat org.testng.SuiteRunner.runTest(SuiteRunner.java:377)\r\n\tat org.testng.SuiteRunner.runSequentially(SuiteRunner.java:371)\r\n\tat org.testng.SuiteRunner.privateRun(SuiteRunner.java:332)\r\n\tat org.testng.SuiteRunner.run(SuiteRunner.java:276)\r\n\tat org.testng.SuiteRunnerWorker.runSuite(SuiteRunnerWorker.java:53)\r\n\tat org.testng.SuiteRunnerWorker.run(SuiteRunnerWorker.java:96)\r\n\tat org.testng.TestNG.runSuitesSequentially(TestNG.java:1212)\r\n\tat org.testng.TestNG.runSuitesLocally(TestNG.java:1134)\r\n\tat org.testng.TestNG.runSuites(TestNG.java:1063)\r\n\tat org.testng.TestNG.run(TestNG.java:1031)\r\n\tat com.intellij.rt.testng.IDEARemoteTestNG.run(IDEARemoteTestNG.java:66)\r\n\tat com.intellij.rt.testng.RemoteTestNGStarter.main(RemoteTestNGStarter.java:109)\r\n"},"stage":"finished","description":"Вычитание с бесконечностями","steps":[{"name":"Вводим значение 0 в поле слева и Infinity в поле справа","status":"passed","stage":"finished","steps":[],"attachments":[],"parameters":[{"name":"valueLeft","value":"0"},{"name":"valueRight","value":"Infinity"}],"start":1650816760985,"stop":1650816762517},{"name":"Тап '-' для сложения","status":"passed","stage":"finished","steps":[],"attachments":[],"parameters":[],"start":1650816762517,"stop":1650816763069},{"name":"Проверяем результаты вычислений с бесконечностью","status":"failed","statusDetails":{"known":false,"muted":false,"flaky":false,"message":"Element should have text ' = -Infinity' {By.AccessibilityId: resultTextView}\r\nElement: '<TextView class=\"android.widget.TextView\" resource-id=\"com.vbanthia.androidsampleapp:id/resultTextView\" checked=\"false\" content-desc=\"resultTextView\" enabled=\"true\" focused=\"false\" package=\"com.vbanthia.androidsampleapp\" name=\"0.00 - Infinity = Infinity\" className=\"android.widget.TextView\" bounds=\"[33,500][1047,607]\">org.openqa.selenium.StaleElementReferenceException: The element 'By.accessibilityId: resultTextView' does not exist in DOM anymore\nFor documentation on this error, please visit: https://www.seleniumhq.org/exceptions/stale_element_reference.html\nBuild info: version: '3.141.59', revision: 'e82be7d358', time: '2018-11-14T08:17:03'\nSystem info: host: 'LAPTOP-79I9R5EN', ip: '192.168.56.1', os.name: 'Windows 10', os.arch: 'amd64', os.version: '10.0', java.version: '16.0.1'\nDriver info: io.appium.java_client.android.AndroidDriver\nCapabilities {app: D:/test_drom/app-debug.apk, appPackage: com.vbanthia.androidsampleapp, automationName: UiAutomator2, databaseEnabled: false, desired: {app: D:/test_drom/app-debug.apk, automationName: UiAutomator2, deviceName: Nexus_5, platformName: android, platformVersion: 8, udid: emulator-5554}, deviceApiLevel: 26, deviceManufacturer: Google, deviceModel: Android SDK built for x86, deviceName: emulator-5554, deviceScreenDensity: 480, deviceScreenSize: 1080x1920, deviceUDID: emulator-5554, javascriptEnabled: true, locationContextEnabled: false, networkConnectionEnabled: true, pixelRatio: 3, platform: LINUX, platformName: Android, platformVersion: 8.0.0, statBarHeight: 72, takesScreenshot: true, udid: emulator-5554, viewportRect: {height: 1704, left: 0, top: 72, width: 1080}, warnings: {}, webStorageEnabled: false}\nSession ID: e71cf54d-9d59-45ff-9b25-8fc937b1d393</TextView>'\r\nActual value: 0.00 - Infinity = Infinity\r\nScreenshot: file:/D:/git/repos/calculator_drom/build/reports/tests/1650816775483.16.png\r\nPage source: file:/D:/git/repos/calculator_drom/build/reports/tests/1650816775483.16.xml\r\nTimeout: 8 s.","trace":"Element should have text ' = -Infinity' {By.AccessibilityId: resultTextView}\r\nElement: '<TextView class=\"android.widget.TextView\" resource-id=\"com.vbanthia.androidsampleapp:id/resultTextView\" checked=\"false\" content-desc=\"resultTextView\" enabled=\"true\" focused=\"false\" package=\"com.vbanthia.androidsampleapp\" name=\"0.00 - Infinity = Infinity\" className=\"android.widget.TextView\" bounds=\"[33,500][1047,607]\">org.openqa.selenium.StaleElementReferenceException: The element 'By.accessibilityId: resultTextView' does not exist in DOM anymore\nFor documentation on this error, please visit: https://www.seleniumhq.org/exceptions/stale_element_reference.html\nBuild info: version: '3.141.59', revision: 'e82be7d358', time: '2018-11-14T08:17:03'\nSystem info: host: 'LAPTOP-79I9R5EN', ip: '192.168.56.1', os.name: 'Windows 10', os.arch: 'amd64', os.version: '10.0', java.version: '16.0.1'\nDriver info: io.appium.java_client.android.AndroidDriver\nCapabilities {app: D:/test_drom/app-debug.apk, appPackage: com.vbanthia.androidsampleapp, automationName: UiAutomator2, databaseEnabled: false, desired: {app: D:/test_drom/app-debug.apk, automationName: UiAutomator2, deviceName: Nexus_5, platformName: android, platformVersion: 8, udid: emulator-5554}, deviceApiLevel: 26, deviceManufacturer: Google, deviceModel: Android SDK built for x86, deviceName: emulator-5554, deviceScreenDensity: 480, deviceScreenSize: 1080x1920, deviceUDID: emulator-5554, javascriptEnabled: true, locationContextEnabled: false, networkConnectionEnabled: true, pixelRatio: 3, platform: LINUX, platformName: Android, platformVersion: 8.0.0, statBarHeight: 72, takesScreenshot: true, udid: emulator-5554, viewportRect: {height: 1704, left: 0, top: 72, width: 1080}, warnings: {}, webStorageEnabled: false}\nSession ID: e71cf54d-9d59-45ff-9b25-8fc937b1d393</TextView>'\r\nActual value: 0.00 - Infinity = Infinity\r\nScreenshot: file:/D:/git/repos/calculator_drom/build/reports/tests/1650816775483.16.png\r\nPage source: file:/D:/git/repos/calculator_drom/build/reports/tests/1650816775483.16.xml\r\nTimeout: 8 s.\r\n\tat com.codeborne.selenide.impl.WebElementSource.checkCondition(WebElementSource.java:121)\r\n\tat com.codeborne.selenide.commands.Should.execute(Should.java:30)\r\n\tat com.codeborne.selenide.commands.Should.execute(Should.java:14)\r\n\tat com.codeborne.selenide.commands.Commands.execute(Commands.java:157)\r\n\tat com.codeborne.selenide.impl.SelenideElementProxy.dispatchAndRetry(SelenideElementProxy.java:134)\r\n\tat com.codeborne.selenide.impl.SelenideElementProxy.invoke(SelenideElementProxy.java:86)\r\n\tat jdk.proxy2/jdk.proxy2.$Proxy17.shouldHave(Unknown Source)\r\n\tat org.example.pages.CalculatorPage.checkInfinity(CalculatorPage.java:104)\r\n\tat org.example.tests.SubtractionTest.CheckInfinitySubtraction(SubtractionTest.java:62)\r\n\tat java.base/jdk.internal.reflect.NativeMethodAccessorImpl.invoke0(Native Method)\r\n\tat java.base/jdk.internal.reflect.NativeMethodAccessorImpl.invoke(NativeMethodAccessorImpl.java:78)\r\n\tat java.base/jdk.internal.reflect.DelegatingMethodAccessorImpl.invoke(DelegatingMethodAccessorImpl.java:43)\r\n\tat java.base/java.lang.reflect.Method.invoke(Method.java:567)\r\n\tat org.testng.internal.MethodInvocationHelper.invokeMethod(MethodInvocationHelper.java:133)\r\n\tat org.testng.internal.TestInvoker.invokeMethod(TestInvoker.java:598)\r\n\tat org.testng.internal.TestInvoker.invokeTestMethod(TestInvoker.java:173)\r\n\tat org.testng.internal.MethodRunner.runInSequence(MethodRunner.java:46)\r\n\tat org.testng.internal.TestInvoker$MethodInvocationAgent.invoke(TestInvoker.java:824)\r\n\tat org.testng.internal.TestInvoker.invokeTestMethods(TestInvoker.java:146)\r\n\tat org.testng.internal.TestMethodWorker.invokeTestMethods(TestMethodWorker.java:146)\r\n\tat org.testng.internal.TestMethodWorker.run(TestMethodWorker.java:128)\r\n\tat java.base/java.util.ArrayList.forEach(ArrayList.java:1511)\r\n\tat org.testng.TestRunner.privateRun(TestRunner.java:794)\r\n\tat org.testng.TestRunner.run(TestRunner.java:596)\r\n\tat org.testng.SuiteRunner.runTest(SuiteRunner.java:377)\r\n\tat org.testng.SuiteRunner.runSequentially(SuiteRunner.java:371)\r\n\tat org.testng.SuiteRunner.privateRun(SuiteRunner.java:332)\r\n\tat org.testng.SuiteRunner.run(SuiteRunner.java:276)\r\n\tat org.testng.SuiteRunnerWorker.runSuite(SuiteRunnerWorker.java:53)\r\n\tat org.testng.SuiteRunnerWorker.run(SuiteRunnerWorker.java:96)\r\n\tat org.testng.TestNG.runSuitesSequentially(TestNG.java:1212)\r\n\tat org.testng.TestNG.runSuitesLocally(TestNG.java:1134)\r\n\tat org.testng.TestNG.runSuites(TestNG.java:1063)\r\n\tat org.testng.TestNG.run(TestNG.java:1031)\r\n\tat com.intellij.rt.testng.IDEARemoteTestNG.run(IDEARemoteTestNG.java:66)\r\n\tat com.intellij.rt.testng.RemoteTestNGStarter.main(RemoteTestNGStarter.java:109)\r\n"},"stage":"finished","steps":[],"attachments":[],"parameters":[{"name":"valueLeft","value":"0"},{"name":"valueRight","value":"Infinity"},{"name":"action","value":"-"}],"start":1650816763069,"stop":1650816776440}],"attachments":[{"name":"Page screenshot","source":"739297c1-7113-44f5-a516-cdadecb65987-attachment","type":"image/png"}],"parameters":[{"name":"arg1","value":"Infinity"},{"name":"arg0","value":"0"}],"start":1650816752206,"stop":1650816777182}