{"uuid":"a03f3287-3104-4401-b4e4-727ddff723ee","historyId":"d695d1cd72553d3c4a03cc9adc2e3375","fullName":"org.example.tests.SubtractionTest.CheckSubtraction","labels":[{"name":"package","value":"org.example.tests.SubtractionTest"},{"name":"testClass","value":"org.example.tests.SubtractionTest"},{"name":"testMethod","value":"CheckSubtraction"},{"name":"parentSuite","value":"Default Suite"},{"name":"suite","value":"calculator_drom"},{"name":"subSuite","value":"org.example.tests.SubtractionTest"},{"name":"host","value":"LAPTOP-79I9R5EN"},{"name":"thread","value":"10928@LAPTOP-79I9R5EN.main(1)"},{"name":"framework","value":"testng"},{"name":"language","value":"java"},{"name":"severity","value":"critical"}],"links":[],"name":"CheckSubtraction","status":"failed","statusDetails":{"known":false,"muted":false,"flaky":false,"message":"Element should have text '1.00 - 0.00 = 1.00' {By.AccessibilityId: resultTextView}\r\nElement: '<TextView class=\"android.widget.TextView\" resource-id=\"com.vbanthia.androidsampleapp:id/resultTextView\">org.openqa.selenium.StaleElementReferenceException: The element 'By.accessibilityId: resultTextView' does not exist in DOM anymore\nFor documentation on this error, please visit: https://www.seleniumhq.org/exceptions/stale_element_reference.html\nBuild info: version: '3.141.59', revision: 'e82be7d358', time: '2018-11-14T08:17:03'\nSystem info: host: 'LAPTOP-79I9R5EN', ip: '192.168.56.1', os.name: 'Windows 10', os.arch: 'amd64', os.version: '10.0', java.version: '16.0.1'\nDriver info: io.appium.java_client.android.AndroidDriver\nCapabilities {app: D:/test_drom/app-debug.apk, appPackage: com.vbanthia.androidsampleapp, automationName: UiAutomator2, databaseEnabled: false, desired: {app: D:/test_drom/app-debug.apk, automationName: UiAutomator2, deviceName: Nexus_5, platformName: android, platformVersion: 8, udid: emulator-5554}, deviceApiLevel: 26, deviceManufacturer: Google, deviceModel: Android SDK built for x86, deviceName: emulator-5554, deviceScreenDensity: 480, deviceScreenSize: 1080x1920, deviceUDID: emulator-5554, javascriptEnabled: true, locationContextEnabled: false, networkConnectionEnabled: true, pixelRatio: 3, platform: LINUX, platformName: Android, platformVersion: 8.0.0, statBarHeight: 72, takesScreenshot: true, udid: emulator-5554, viewportRect: {height: 1704, left: 0, top: 72, width: 1080}, warnings: {}, webStorageEnabled: false}\nSession ID: 6829b318-0781-469e-8428-f866cc1a8d0e</TextView>'\r\nActual value: 1.00 - 0.00 = 2.00\r\nScreenshot: file:/D:/git/repos/calculator_drom/build/reports/tests/1650816889155.19.png\r\nPage source: file:/D:/git/repos/calculator_drom/build/reports/tests/1650816889155.19.xml\r\nTimeout: 8 s.","trace":"Element should have text '1.00 - 0.00 = 1.00' {By.AccessibilityId: resultTextView}\r\nElement: '<TextView class=\"android.widget.TextView\" resource-id=\"com.vbanthia.androidsampleapp:id/resultTextView\">org.openqa.selenium.StaleElementReferenceException: The element 'By.accessibilityId: resultTextView' does not exist in DOM anymore\nFor documentation on this error, please visit: https://www.seleniumhq.org/exceptions/stale_element_reference.html\nBuild info: version: '3.141.59', revision: 'e82be7d358', time: '2018-11-14T08:17:03'\nSystem info: host: 'LAPTOP-79I9R5EN', ip: '192.168.56.1', os.name: 'Windows 10', os.arch: 'amd64', os.version: '10.0', java.version: '16.0.1'\nDriver info: io.appium.java_client.android.AndroidDriver\nCapabilities {app: D:/test_drom/app-debug.apk, appPackage: com.vbanthia.androidsampleapp, automationName: UiAutomator2, databaseEnabled: false, desired: {app: D:/test_drom/app-debug.apk, automationName: UiAutomator2, deviceName: Nexus_5, platformName: android, platformVersion: 8, udid: emulator-5554}, deviceApiLevel: 26, deviceManufacturer: Google, deviceModel: Android SDK built for x86, deviceName: emulator-5554, deviceScreenDensity: 480, deviceScreenSize: 1080x1920, deviceUDID: emulator-5554, javascriptEnabled: true, locationContextEnabled: false, networkConnectionEnabled: true, pixelRatio: 3, platform: LINUX, platformName: Android, platformVersion: 8.0.0, statBarHeight: 72, takesScreenshot: true, udid: emulator-5554, viewportRect: {height: 1704, left: 0, top: 72, width: 1080}, warnings: {}, webStorageEnabled: false}\nSession ID: 6829b318-0781-469e-8428-f866cc1a8d0e</TextView>'\r\nActual value: 1.00 - 0.00 = 2.00\r\nScreenshot: file:/D:/git/repos/calculator_drom/build/reports/tests/1650816889155.19.png\r\nPage source: file:/D:/git/repos/calculator_drom/build/reports/tests/1650816889155.19.xml\r\nTimeout: 8 s.\r\n\tat com.codeborne.selenide.impl.WebElementSource.checkCondition(WebElementSource.java:121)\r\n\tat com.codeborne.selenide.commands.Should.execute(Should.java:30)\r\n\tat com.codeborne.selenide.commands.Should.execute(Should.java:14)\r\n\tat com.codeborne.selenide.commands.Commands.execute(Commands.java:157)\r\n\tat com.codeborne.selenide.impl.SelenideElementProxy.dispatchAndRetry(SelenideElementProxy.java:134)\r\n\tat com.codeborne.selenide.impl.SelenideElementProxy.invoke(SelenideElementProxy.java:86)\r\n\tat jdk.proxy2/jdk.proxy2.$Proxy17.shouldHave(Unknown Source)\r\n\tat org.example.pages.CalculatorPage.checkResult(CalculatorPage.java:71)\r\n\tat org.example.tests.SubtractionTest.CheckSubtraction(SubtractionTest.java:24)\r\n\tat java.base/jdk.internal.reflect.NativeMethodAccessorImpl.invoke0(Native Method)\r\n\tat java.base/jdk.internal.reflect.NativeMethodAccessorImpl.invoke(NativeMethodAccessorImpl.java:78)\r\n\tat java.base/jdk.internal.reflect.DelegatingMethodAccessorImpl.invoke(DelegatingMethodAccessorImpl.java:43)\r\n\tat java.base/java.lang.reflect.Method.invoke(Method.java:567)\r\n\tat org.testng.internal.MethodInvocationHelper.invokeMethod(MethodInvocationHelper.java:133)\r\n\tat org.testng.internal.TestInvoker.invokeMethod(TestInvoker.java:598)\r\n\tat org.testng.internal.TestInvoker.invokeTestMethod(TestInvoker.java:173)\r\n\tat org.testng.internal.MethodRunner.runInSequence(MethodRunner.java:46)\r\n\tat org.testng.internal.TestInvoker$MethodInvocationAgent.invoke(TestInvoker.java:824)\r\n\tat org.testng.internal.TestInvoker.invokeTestMethods(TestInvoker.java:146)\r\n\tat org.testng.internal.TestMethodWorker.invokeTestMethods(TestMethodWorker.java:146)\r\n\tat org.testng.internal.TestMethodWorker.run(TestMethodWorker.java:128)\r\n\tat java.base/java.util.ArrayList.forEach(ArrayList.java:1511)\r\n\tat org.testng.TestRunner.privateRun(TestRunner.java:794)\r\n\tat org.testng.TestRunner.run(TestRunner.java:596)\r\n\tat org.testng.SuiteRunner.runTest(SuiteRunner.java:377)\r\n\tat org.testng.SuiteRunner.runSequentially(SuiteRunner.java:371)\r\n\tat org.testng.SuiteRunner.privateRun(SuiteRunner.java:332)\r\n\tat org.testng.SuiteRunner.run(SuiteRunner.java:276)\r\n\tat org.testng.SuiteRunnerWorker.runSuite(SuiteRunnerWorker.java:53)\r\n\tat org.testng.SuiteRunnerWorker.run(SuiteRunnerWorker.java:96)\r\n\tat org.testng.TestNG.runSuitesSequentially(TestNG.java:1212)\r\n\tat org.testng.TestNG.runSuitesLocally(TestNG.java:1134)\r\n\tat org.testng.TestNG.runSuites(TestNG.java:1063)\r\n\tat org.testng.TestNG.run(TestNG.java:1031)\r\n\tat com.intellij.rt.testng.IDEARemoteTestNG.run(IDEARemoteTestNG.java:66)\r\n\tat com.intellij.rt.testng.RemoteTestNGStarter.main(RemoteTestNGStarter.java:109)\r\n"},"stage":"finished","description":"Позитивные проверки сложения","steps":[{"name":"Вводим значение 1 в поле слева и 0 в поле справа","status":"passed","stage":"finished","steps":[],"attachments":[],"parameters":[{"name":"valueLeft","value":"1"},{"name":"valueRight","value":"0"}],"start":1650816874265,"stop":1650816875783},{"name":"Тап '-' для сложения","status":"passed","stage":"finished","steps":[],"attachments":[],"parameters":[],"start":1650816875784,"stop":1650816876348},{"name":"Проверяем результат","status":"failed","statusDetails":{"known":false,"muted":false,"flaky":false,"message":"Element should have text '1.00 - 0.00 = 1.00' {By.AccessibilityId: resultTextView}\r\nElement: '<TextView class=\"android.widget.TextView\" resource-id=\"com.vbanthia.androidsampleapp:id/resultTextView\">org.openqa.selenium.StaleElementReferenceException: The element 'By.accessibilityId: resultTextView' does not exist in DOM anymore\nFor documentation on this error, please visit: https://www.seleniumhq.org/exceptions/stale_element_reference.html\nBuild info: version: '3.141.59', revision: 'e82be7d358', time: '2018-11-14T08:17:03'\nSystem info: host: 'LAPTOP-79I9R5EN', ip: '192.168.56.1', os.name: 'Windows 10', os.arch: 'amd64', os.version: '10.0', java.version: '16.0.1'\nDriver info: io.appium.java_client.android.AndroidDriver\nCapabilities {app: D:/test_drom/app-debug.apk, appPackage: com.vbanthia.androidsampleapp, automationName: UiAutomator2, databaseEnabled: false, desired: {app: D:/test_drom/app-debug.apk, automationName: UiAutomator2, deviceName: Nexus_5, platformName: android, platformVersion: 8, udid: emulator-5554}, deviceApiLevel: 26, deviceManufacturer: Google, deviceModel: Android SDK built for x86, deviceName: emulator-5554, deviceScreenDensity: 480, deviceScreenSize: 1080x1920, deviceUDID: emulator-5554, javascriptEnabled: true, locationContextEnabled: false, networkConnectionEnabled: true, pixelRatio: 3, platform: LINUX, platformName: Android, platformVersion: 8.0.0, statBarHeight: 72, takesScreenshot: true, udid: emulator-5554, viewportRect: {height: 1704, left: 0, top: 72, width: 1080}, warnings: {}, webStorageEnabled: false}\nSession ID: 6829b318-0781-469e-8428-f866cc1a8d0e</TextView>'\r\nActual value: 1.00 - 0.00 = 2.00\r\nScreenshot: file:/D:/git/repos/calculator_drom/build/reports/tests/1650816889155.19.png\r\nPage source: file:/D:/git/repos/calculator_drom/build/reports/tests/1650816889155.19.xml\r\nTimeout: 8 s.","trace":"Element should have text '1.00 - 0.00 = 1.00' {By.AccessibilityId: resultTextView}\r\nElement: '<TextView class=\"android.widget.TextView\" resource-id=\"com.vbanthia.androidsampleapp:id/resultTextView\">org.openqa.selenium.StaleElementReferenceException: The element 'By.accessibilityId: resultTextView' does not exist in DOM anymore\nFor documentation on this error, please visit: https://www.seleniumhq.org/exceptions/stale_element_reference.html\nBuild info: version: '3.141.59', revision: 'e82be7d358', time: '2018-11-14T08:17:03'\nSystem info: host: 'LAPTOP-79I9R5EN', ip: '192.168.56.1', os.name: 'Windows 10', os.arch: 'amd64', os.version: '10.0', java.version: '16.0.1'\nDriver info: io.appium.java_client.android.AndroidDriver\nCapabilities {app: D:/test_drom/app-debug.apk, appPackage: com.vbanthia.androidsampleapp, automationName: UiAutomator2, databaseEnabled: false, desired: {app: D:/test_drom/app-debug.apk, automationName: UiAutomator2, deviceName: Nexus_5, platformName: android, platformVersion: 8, udid: emulator-5554}, deviceApiLevel: 26, deviceManufacturer: Google, deviceModel: Android SDK built for x86, deviceName: emulator-5554, deviceScreenDensity: 480, deviceScreenSize: 1080x1920, deviceUDID: emulator-5554, javascriptEnabled: true, locationContextEnabled: false, networkConnectionEnabled: true, pixelRatio: 3, platform: LINUX, platformName: Android, platformVersion: 8.0.0, statBarHeight: 72, takesScreenshot: true, udid: emulator-5554, viewportRect: {height: 1704, left: 0, top: 72, width: 1080}, warnings: {}, webStorageEnabled: false}\nSession ID: 6829b318-0781-469e-8428-f866cc1a8d0e</TextView>'\r\nActual value: 1.00 - 0.00 = 2.00\r\nScreenshot: file:/D:/git/repos/calculator_drom/build/reports/tests/1650816889155.19.png\r\nPage source: file:/D:/git/repos/calculator_drom/build/reports/tests/1650816889155.19.xml\r\nTimeout: 8 s.\r\n\tat com.codeborne.selenide.impl.WebElementSource.checkCondition(WebElementSource.java:121)\r\n\tat com.codeborne.selenide.commands.Should.execute(Should.java:30)\r\n\tat com.codeborne.selenide.commands.Should.execute(Should.java:14)\r\n\tat com.codeborne.selenide.commands.Commands.execute(Commands.java:157)\r\n\tat com.codeborne.selenide.impl.SelenideElementProxy.dispatchAndRetry(SelenideElementProxy.java:134)\r\n\tat com.codeborne.selenide.impl.SelenideElementProxy.invoke(SelenideElementProxy.java:86)\r\n\tat jdk.proxy2/jdk.proxy2.$Proxy17.shouldHave(Unknown Source)\r\n\tat org.example.pages.CalculatorPage.checkResult(CalculatorPage.java:71)\r\n\tat org.example.tests.SubtractionTest.CheckSubtraction(SubtractionTest.java:24)\r\n\tat java.base/jdk.internal.reflect.NativeMethodAccessorImpl.invoke0(Native Method)\r\n\tat java.base/jdk.internal.reflect.NativeMethodAccessorImpl.invoke(NativeMethodAccessorImpl.java:78)\r\n\tat java.base/jdk.internal.reflect.DelegatingMethodAccessorImpl.invoke(DelegatingMethodAccessorImpl.java:43)\r\n\tat java.base/java.lang.reflect.Method.invoke(Method.java:567)\r\n\tat org.testng.internal.MethodInvocationHelper.invokeMethod(MethodInvocationHelper.java:133)\r\n\tat org.testng.internal.TestInvoker.invokeMethod(TestInvoker.java:598)\r\n\tat org.testng.internal.TestInvoker.invokeTestMethod(TestInvoker.java:173)\r\n\tat org.testng.internal.MethodRunner.runInSequence(MethodRunner.java:46)\r\n\tat org.testng.internal.TestInvoker$MethodInvocationAgent.invoke(TestInvoker.java:824)\r\n\tat org.testng.internal.TestInvoker.invokeTestMethods(TestInvoker.java:146)\r\n\tat org.testng.internal.TestMethodWorker.invokeTestMethods(TestMethodWorker.java:146)\r\n\tat org.testng.internal.TestMethodWorker.run(TestMethodWorker.java:128)\r\n\tat java.base/java.util.ArrayList.forEach(ArrayList.java:1511)\r\n\tat org.testng.TestRunner.privateRun(TestRunner.java:794)\r\n\tat org.testng.TestRunner.run(TestRunner.java:596)\r\n\tat org.testng.SuiteRunner.runTest(SuiteRunner.java:377)\r\n\tat org.testng.SuiteRunner.runSequentially(SuiteRunner.java:371)\r\n\tat org.testng.SuiteRunner.privateRun(SuiteRunner.java:332)\r\n\tat org.testng.SuiteRunner.run(SuiteRunner.java:276)\r\n\tat org.testng.SuiteRunnerWorker.runSuite(SuiteRunnerWorker.java:53)\r\n\tat org.testng.SuiteRunnerWorker.run(SuiteRunnerWorker.java:96)\r\n\tat org.testng.TestNG.runSuitesSequentially(TestNG.java:1212)\r\n\tat org.testng.TestNG.runSuitesLocally(TestNG.java:1134)\r\n\tat org.testng.TestNG.runSuites(TestNG.java:1063)\r\n\tat org.testng.TestNG.run(TestNG.java:1031)\r\n\tat com.intellij.rt.testng.IDEARemoteTestNG.run(IDEARemoteTestNG.java:66)\r\n\tat com.intellij.rt.testng.RemoteTestNGStarter.main(RemoteTestNGStarter.java:109)\r\n"},"stage":"finished","steps":[],"attachments":[],"parameters":[{"name":"valueLeft","value":"1"},{"name":"valueRight","value":"0"},{"name":"action","value":"-"}],"start":1650816876348,"stop":1650816889999}],"attachments":[{"name":"Page screenshot","source":"5f8d8f07-5434-47df-bff8-a5685fed3faa-attachment","type":"image/png"}],"parameters":[{"name":"arg1","value":"0"},{"name":"arg0","value":"1"}],"start":1650816865278,"stop":1650816890714}